writeCommonTags: couldn't write 'year' tag to 'Liked/KOHTA YAMAMOTO - Ashes on the Fire.m4a' as it's not a positive integer
writeCommonTags: couldn't write 'track' tag to 'Liked/KOHTA YAMAMOTO - Ashes on the Fire.m4a' as it's not a positive integer
writeCommonTags: couldn't write 'year' tag to 'Liked/Hiroyuki Sawani - SymphonicSuite [AoT] Part2-5th_Apple Seed.m4a' as it's not a positive integer
writeCommonTags: couldn't write 'track' tag to 'Liked/Hiroyuki Sawani - SymphonicSuite [AoT] Part2-5th_Apple Seed.m4a' as it's not a positive integer
writeCommonTags: couldn't write 'year' tag to 'Liked/Hiroyuki Sawano - attack音D.m4a' as it's not a positive integer
writeCommonTags: couldn't write 'track' tag to 'Liked/Hiroyuki Sawano - attack音D.m4a' as it's not a positive integer
writeCommonTags: couldn't write 'year' tag to 'Liked/KOHTA YAMAMOTO - Ashes on the Fire.m4a' as it's not a positive integer
writeCommonTags: couldn't write 'track' tag to 'Liked/KOHTA YAMAMOTO - Ashes on the Fire.m4a' as it's not a positive integer
writeCommonTags: couldn't write 'year' tag to 'Liked/KOHTA YAMAMOTO - Splinter Wolf.m4a' as it's not a positive integer
writeCommonTags: couldn't write 'track' tag to 'Liked/KOHTA YAMAMOTO - Splinter Wolf.m4a' as it's not a positive integer
writeCommonTags: couldn't write 'year' tag to 'Liked/KOHTA YAMAMOTO - TRAITOR.m4a' as it's not a positive integer
writeCommonTags: couldn't write 'track' tag to 'Liked/KOHTA YAMAMOTO - TRAITOR.m4a' as it's not a positive integer
writeCommonTags: couldn't write 'year' tag to 'Liked/KOHTA YAMAMOTO - Splinter Wolf.m4a' as it's not a positive integer
writeCommonTags: couldn't write 'track' tag to 'Liked/KOHTA YAMAMOTO - Splinter Wolf.m4a' as it's not a positive integer
writeCommonTags: couldn't write 'year' tag to 'Liked/KOHTA YAMAMOTO - TRAITOR.m4a' as it's not a positive integer
writeCommonTags: couldn't write 'track' tag to 'Liked/KOHTA YAMAMOTO - TRAITOR.m4a' as it's not a positive integer
writeCommonTags: couldn't write 'year' tag to 'Liked/Hiroyuki Sawani - SymphonicSuite [AoT] Part2-5th_Apple Seed.m4a' as it's not a positive integer
writeCommonTags: couldn't write 'track' tag to 'Liked/Hiroyuki Sawani - SymphonicSuite [AoT] Part2-5th_Apple Seed.m4a' as it's not a positive integer
writeCommonTags: couldn't write 'year' tag to 'Liked/Hiroyuki Sawano - attack音D.m4a' as it's not a positive integer
writeCommonTags: couldn't write 'track' tag to 'Liked/Hiroyuki Sawano - attack音D.m4a' as it's not a positive integer
writeCommonTags: couldn't write 'year' tag to 'Liked/KOHTA YAMAMOTO - Ashes on the Fire.m4a' as it's not a positive integer
writeCommonTags: couldn't write 'track' tag to 'Liked/KOHTA YAMAMOTO - Ashes on the Fire.m4a' as it's not a positive integer
writeCommonTags: couldn't write 'year' tag to 'Liked/KOHTA YAMAMOTO - Splinter Wolf.m4a' as it's not a positive integer
writeCommonTags: couldn't write 'track' tag to 'Liked/KOHTA YAMAMOTO - Splinter Wolf.m4a' as it's not a positive integer
writeCommonTags: couldn't write 'year' tag to 'Liked/KOHTA YAMAMOTO - TRAITOR.m4a' as it's not a positive integer
writeCommonTags: couldn't write 'track' tag to 'Liked/KOHTA YAMAMOTO - TRAITOR.m4a' as it's not a positive integer
writeCommonTags: couldn't write 'year' tag to 'Liked/Hiroyuki Sawani - SymphonicSuite [AoT] Part2-5th_Apple Seed.m4a' as it's not a positive integer
writeCommonTags: couldn't write 'track' tag to 'Liked/Hiroyuki Sawani - SymphonicSuite [AoT] Part2-5th_Apple Seed.m4a' as it's not a positive integer
writeCommonTags: couldn't write 'year' tag to 'Liked/Hiroyuki Sawani - SymphonicSuite [AoT] Part2-5th_Apple Seed.m4a' as it's not a positive integer
writeCommonTags: couldn't write 'track' tag to 'Liked/Hiroyuki Sawani - SymphonicSuite [AoT] Part2-5th_Apple Seed.m4a' as it's not a positive integer
writeCommonTags: couldn't write 'year' tag to 'Liked/Hiroyuki Sawano - attack音D.m4a' as it's not a positive integer
writeCommonTags: couldn't write 'track' tag to 'Liked/Hiroyuki Sawano - attack音D.m4a' as it's not a positive integer
writeCommonTags: couldn't write 'year' tag to 'Liked/KOHTA YAMAMOTO - Ashes on the Fire.m4a' as it's not a positive integer
writeCommonTags: couldn't write 'track' tag to 'Liked/KOHTA YAMAMOTO - Ashes on the Fire.m4a' as it's not a positive integer
writeCommonTags: couldn't write 'year' tag to 'Liked/KOHTA YAMAMOTO - Splinter Wolf.m4a' as it's not a positive integer
writeCommonTags: couldn't write 'track' tag to 'Liked/KOHTA YAMAMOTO - Splinter Wolf.m4a' as it's not a positive integer
writeCommonTags: couldn't write 'year' tag to 'Liked/KOHTA YAMAMOTO - TRAITOR.m4a' as it's not a positive integer
writeCommonTags: couldn't write 'track' tag to 'Liked/KOHTA YAMAMOTO - TRAITOR.m4a' as it's not a positive integer
